
> my-v0-project@0.1.0 build
> next build

   ▲ Next.js 15.5.4
   - Environments: .env.local
   - Experiments (use with caution):
     · serverActions
     · optimizePackageImports

   Creating an optimized production build ...
Found 2 warnings while optimizing generated CSS:

Issue #1:
[2m│   }[22m
[2m│ }[22m
[2m│[22m @import url("https://fonts.googleapis.com/css2?family=Montserrat:wght@400;500;600;700;800;900&family=Inter:wght@300;400;500;600;700&display=swap");
[2m┆[22m        [33m[2m^--[22m @import rules must precede all rules aside from @charset and @layer statements[39m
[2m┆[22m
[2m│ html,[22m
[2m│ body {[22m

Issue #2:
[2m│     grid-template-columns: 1fr !important;[22m
[2m│   }[22m
[2m│[22m   .sm\\:grid-cols-2 {
[2m┆[22m         [33m[2m^--[22m 'grid-cols-2' is not recognized as a valid pseudo-class. Did you mean '::grid-cols-2' (pseudo-element) or is this a typo?[39m
[2m┆[22m
[2m│     grid-template-columns: 1fr !important;[22m
[2m│   }[22m

 ✓ Compiled successfully in 11.7s
   Linting and checking validity of types ...
 ⨯ ESLint: Failed to load plugin 'react' declared in '.eslintrc.json » eslint-config-next': Cannot find module 'set-function-length' Require stack: - /Users/milesgaines/Desktop/v0-music-distribution-app-1/node_modules/call-bind/index.js - /Users/milesgaines/Desktop/v0-music-distribution-app-1/node_modules/object.fromentries/index.js - /Users/milesgaines/Desktop/v0-music-distribution-app-1/node_modules/eslint-plugin-react/index.js - /Users/milesgaines/Desktop/v0-music-distribution-app-1/node_modules/@eslint/eslintrc/dist/eslintrc.cjs Referenced from: /Users/milesgaines/Desktop/v0-music-distribution-app-1/node_modules/eslint-config-next/index.js
